year2023.Day01.ValueCalibration
	Solution 1: 54697
	Solution 2: 54885

year2023.Day02.CubeClassify
	Solution 1: 2283
	Solution 2: 78669

year2023.Day03.PartNumberSearch
	Solution 1: 525119
	Solution 2: 76504829

year2023.Day04.CardPoints
	Solution 1: 21568
	Solution 2: 11827296

year2023.Day05.LocationCascadingMapper
	Solution 1: 650599855
	Solution 2: 1240035

year2023.Day06.HoldSearch
	Solution 1: 500346
	Solution 2: 42515755

year2023.Day07.CardSort
	Solution 1: 248422077
	Solution 2: 249817836

year2023.Day08.CamelInstruction
	Solution 1: 19667
	Solution 2: 19185263738117

year2023.Day09.HistoryExtrapolate
	Solution 1: 1901217887
	Solution 2: 905

year2023.Day10.CharacterLoop
	Solution 1: 6815
	Solution 2: 269

year2023.Day11.CosmicDistance
	Solution 1: 9684228
	Solution 2: 483844716556

year2023.Day12.CharacterMatcher
	Solution 1: 8180
	Solution 2: 620189727003627

year2023.Day13.Reflection
	Solution 1: 29846
	Solution 2: 25401

year2023.Day14.RocksRoll
	Solution 1: 108759
	Solution 2: 89089

year2023.Day15.StringHasher
	Solution 1: 512797
	Solution 2: 262454

year2023.Day16.LightBeamEnergize
	Solution 1: 7074
	Solution 2: 7530

year2023.Day17.LavaHeatLoss
	Solution 1: 1039
	Solution 2: 1201

year2023.Day18.LavaInterior
	Solution 1: 56678
	Solution 2: 79088855654037

year2023.Day19.WorkflowSimulation
	Solution 1: 395382
	Solution 2: 103557657654583

year2023.Day20.PulsePropagation
	Solution 1: 800830848
	Solution 2: 244055946148853

year2023.Day21.StepCounter
	Solution 1: 3666
	Solution 2: 609298746763952

year2023.Day22.CubeStack
	Solution 1: 490
	Solution 2: 96356

year2023.Day23.LongestHike
	Solution 1: 2246
	Solution 2: 6622

year2023.Day24.HailIntersection
	Solution 1: 24627
	Solution 2: 527310134398221

year2023.Day25.MinimumCut
	Solution 1: 495607
				------All 50 stars AoC Finished!!!!------

