Day 1:
	Solution 1: 1197984
	Solution 2: 23387399
Day 2:
	Solution 1: 432
	Solution 2: 488
Day 3:
	Solution 1: 160672468
	Solution 2: 84893551
Day 4:
	Solution 1: 2454
	Solution 2: 1858
Day 5:
	Solution 1: 4872
	Solution 2: 5564
Day 6:
	Solution 1: 5329
	Solution 2: 2162
Day 7:
	Solution 1: 2314935962622
	Solution 2: 401477450831495
Day 8:
	Solution 1: 381
	Solution 2: 1184
Day 9:
	Solution 1: 6432869891895
	Solution 2: 6467290479134
Day 10:
	Solution 1: 688
	Solution 2: 1459
Day 11:
	Solution 1: 172484
	Solution 2: 205913561055242
Day 12:
	Solution 1: 1450816
	Solution 2: 865662
Day 13:
	Solution 1: 27105
	Solution 2: 101726882250942
Day 14:
	Solution 1: 215476074
	Solution 2: 6285
Day 15:
	Solution 1: 1436690
	Solution 2: 1482350
Day 16:
	Solution 1: 78428
	Solution 2: 463
Day 17:
	Solution 1: 2,1,4,0,7,4,0,2,3
	Solution 2: 258394985014171
Day 18:
	Solution 1: 276
	Solution 2: 60,37
Day 19:
	Solution 1: 228
	Solution 2: 584553405070389
Day 20:
	Solution 1: 1452
	Solution 2: 999556
Day 21:
	Solution 1: 174124
	Solution 2: 216668579770346
Day 22:
	Solution 1: 20506453102
	Solution 2: 2423
Day 23:
	Solution 1: 1512
	Solution 2: ac,ed,fh,kd,lf,mb,om,pe,qt,uo,uy,vr,wg
Day 24:
	Solution 1: 53190357879014
	Solution 2: bks,hnd,nrn,tdv,tjp,z09,z16,z23
Day 25:
	Solution 1: 3201
	Solution 2: 			------All 50 stars AoC Finished!!!!------
