year2022.Day01.CalorieCounting
	Solution 1: [TO_BE_GENERATED]
	Solution 2: [TO_BE_GENERATED]

year2022.Day02.RPCGame
	Solution 1: [TO_BE_GENERATED]
	Solution 2: [TO_BE_GENERATED]

year2022.Day03.SetIntersection
	Solution 1: [TO_BE_GENERATED]
	Solution 2: [TO_BE_GENERATED]

year2022.Day04.Interval
	Solution 1: [TO_BE_GENERATED]
	Solution 2: [TO_BE_GENERATED]

year2022.Day05.StackPipline
	Solution 1: [TO_BE_GENERATED]
	Solution 2: [TO_BE_GENERATED]

year2022.Day06.FindFirst
	Solution 1: [TO_BE_GENERATED]
	Solution 2: [TO_BE_GENERATED]

year2022.Day07.FileTree
	Solution 1: [TO_BE_GENERATED]
	Solution 2: [TO_BE_GENERATED]

year2022.Day08.TallestTree
	Solution 1: [TO_BE_GENERATED]
	Solution 2: [TO_BE_GENERATED]

year2022.Day09.ChainedTogether
	Solution 1: [TO_BE_GENERATED]
	Solution 2: [TO_BE_GENERATED]

year2022.Day10.ClockSim
	Solution 1: [TO_BE_GENERATED]
	Solution 2: [TO_BE_GENERATED]

year2022.Day11.MonkeyHorror
	Solution 1: [TO_BE_GENERATED]
	Solution 2: [TO_BE_GENERATED]

year2022.Day12.AlphaPath
	Solution 1: [TO_BE_GENERATED]
	Solution 2: [TO_BE_GENERATED]

year2022.Day13.PacketsCompare
	Solution 1: [TO_BE_GENERATED]
	Solution 2: [TO_BE_GENERATED]

year2022.Day14.RegolithReservoir
	Solution 1: [TO_BE_GENERATED]
	Solution 2: [TO_BE_GENERATED]

year2022.Day15.BeaconExclusionZone
	Solution 1: [TO_BE_GENERATED]
	Solution 2: [TO_BE_GENERATED]

year2022.Day16.ProboscideaVolcanium
	Solution 1: [TO_BE_GENERATED]
	Solution 2: [TO_BE_GENERATED]

year2022.Day17.PyroclasticFlow
	Solution 1: [TO_BE_GENERATED]
	Solution 2: [TO_BE_GENERATED]

year2022.Day18.BoilingBoulders
	Solution 1: [TO_BE_GENERATED]
	Solution 2: [TO_BE_GENERATED]

year2022.Day19.NotEnoughMinerals
	Solution 1: [TO_BE_GENERATED]
	Solution 2: [TO_BE_GENERATED]

year2022.Day20.GrovePositioningSystem
	Solution 1: [TO_BE_GENERATED]
	Solution 2: [TO_BE_GENERATED]

year2022.Day21.MonkeyMath
	Solution 1: [TO_BE_GENERATED]
	Solution 2: [TO_BE_GENERATED]

year2022.Day22.MonkeyMap
	Solution 1: [TO_BE_GENERATED]
	Solution 2: [TO_BE_GENERATED]

	------Python 2022 Solutions Complete!------
